[01m[K/home/devesh/ws2/src/smb_highlevel_controller/src/subscriber.cpp:[m[K In function â€˜[01m[Kint main(int, char**)[m[Kâ€™:
[01m[K/home/devesh/ws2/src/smb_highlevel_controller/src/subscriber.cpp:16:41:[m[K [01;31m[Kerror: [m[Kâ€˜[01m[Kclass ros::NodeHandle[m[Kâ€™ has no member named â€˜[01m[KParam[m[Kâ€™; did you mean â€˜[01m[Kparam[m[Kâ€™?
   16 |     std::string topic_name = nodeHandle.[01;31m[KParam[m[K<std::string>("topic_name","Hello");
      |                                         [01;31m[K^~~~~[m[K
      |                                         [32m[Kparam[m[K
[01m[K/home/devesh/ws2/src/smb_highlevel_controller/src/subscriber.cpp:16:58:[m[K [01;31m[Kerror: [m[Kexpected primary-expression before â€˜[01m[K>[m[Kâ€™ token
   16 |     std::string topic_name = nodeHandle.Param<std::string[01;31m[K>[m[K("topic_name","Hello");
      |                                                          [01;31m[K^[m[K
make[2]: *** [CMakeFiles/subscriber_node.dir/build.make:76: CMakeFiles/subscriber_node.dir/src/subscriber.cpp.o] Error 1
make[1]: *** [CMakeFiles/Makefile2:165: CMakeFiles/subscriber_node.dir/all] Error 2
make: *** [Makefile:146: all] Error 2
