[01m[K/home/devesh/ws2/src/smb_highlevel_controller/src/subscriber.cpp:3:38:[m[K [01;31m[Kerror: [m[Kâ€˜[01m[Kfloat32[m[Kâ€™ in namespace â€˜[01m[Kstd_msgs[m[Kâ€™ does not name a type
    3 | void chatterCallback(const std_msgs::[01;31m[Kfloat32[m[K& msg)
      |                                      [01;31m[K^~~~~~~[m[K
[01m[K/home/devesh/ws2/src/smb_highlevel_controller/src/subscriber.cpp:[m[K In function â€˜[01m[Kvoid chatterCallback(const int&)[m[Kâ€™:
[01m[K/home/devesh/ws2/src/smb_highlevel_controller/src/subscriber.cpp:5:5:[m[K [01;31m[Kerror: [m[Kâ€˜[01m[Kcout[m[Kâ€™ was not declared in this scope; did you mean â€˜[01m[Kstd::cout[m[Kâ€™?
    5 |     [01;31m[Kcout[m[K<<msg.data<<endl;
      |     [01;31m[K^~~~[m[K
      |     [32m[Kstd::cout[m[K
In file included from [01m[K/opt/ros/noetic/include/ros/time.h:54[m[K,
                 from [01m[K/opt/ros/noetic/include/ros/ros.h:38[m[K,
                 from [01m[K/home/devesh/ws2/src/smb_highlevel_controller/src/subscriber.cpp:1[m[K:
[01m[K/usr/include/c++/9/iostream:61:18:[m[K [01;36m[Knote: [m[Kâ€˜[01m[Kstd::cout[m[Kâ€™ declared here
   61 |   extern ostream [01;36m[Kcout[m[K;  /// Linked to standard output
      |                  [01;36m[K^~~~[m[K
[01m[K/home/devesh/ws2/src/smb_highlevel_controller/src/subscriber.cpp:5:15:[m[K [01;31m[Kerror: [m[Krequest for member â€˜[01m[Kdata[m[Kâ€™ in â€˜[01m[Kmsg[m[Kâ€™, which is of non-class type â€˜[01m[Kconst int[m[Kâ€™
    5 |     cout<<msg.[01;31m[Kdata[m[K<<endl;
      |               [01;31m[K^~~~[m[K
[01m[K/home/devesh/ws2/src/smb_highlevel_controller/src/subscriber.cpp:5:21:[m[K [01;31m[Kerror: [m[Kâ€˜[01m[Kendl[m[Kâ€™ was not declared in this scope; did you mean â€˜[01m[Kstd::endl[m[Kâ€™?
    5 |     cout<<msg.data<<[01;31m[Kendl[m[K;
      |                     [01;31m[K^~~~[m[K
      |                     [32m[Kstd::endl[m[K
In file included from [01m[K/usr/include/c++/9/iostream:39[m[K,
                 from [01m[K/opt/ros/noetic/include/ros/time.h:54[m[K,
                 from [01m[K/opt/ros/noetic/include/ros/ros.h:38[m[K,
                 from [01m[K/home/devesh/ws2/src/smb_highlevel_controller/src/subscriber.cpp:1[m[K:
[01m[K/usr/include/c++/9/ostream:599:5:[m[K [01;36m[Knote: [m[Kâ€˜[01m[Kstd::endl[m[Kâ€™ declared here
  599 |     [01;36m[Kendl[m[K(basic_ostream<_CharT, _Traits>& __os)
      |     [01;36m[K^~~~[m[K
In file included from [01m[K/opt/ros/noetic/include/ros/serialization.h:37[m[K,
                 from [01m[K/opt/ros/noetic/include/ros/publisher.h:34[m[K,
                 from [01m[K/opt/ros/noetic/include/ros/node_handle.h:32[m[K,
                 from [01m[K/opt/ros/noetic/include/ros/ros.h:45[m[K,
                 from [01m[K/home/devesh/ws2/src/smb_highlevel_controller/src/subscriber.cpp:1[m[K:
/opt/ros/noetic/include/ros/message_traits.h: In instantiation of â€˜[01m[Kstatic const char* ros::message_traits::MD5Sum<M>::value() [with M = int][m[Kâ€™:
[01m[K/opt/ros/noetic/include/ros/message_traits.h:227:102:[m[K   required from â€˜[01m[Kconst char* ros::message_traits::md5sum() [with M = int][m[Kâ€™
[01m[K/opt/ros/noetic/include/ros/subscribe_options.h:89:49:[m[K   required from â€˜[01m[Kvoid ros::SubscribeOptions::initByFullCallbackType(const string&, uint32_t, const boost::function<void(P)>&, const boost::function<boost::shared_ptr<typename ros::ParameterAdapter<P>::Message>()>&) [with P = const int&; std::string = std::__cxx11::basic_string<char>; uint32_t = unsigned int; typename ros::ParameterAdapter<P>::Message = int][m[Kâ€™
[01m[K/opt/ros/noetic/include/ros/node_handle.h:659:5:[m[K   required from â€˜[01m[Kros::Subscriber ros::NodeHandle::subscribe(const string&, uint32_t, void (*)(M), const ros::TransportHints&) [with M = const int&; std::string = std::__cxx11::basic_string<char>; uint32_t = unsigned int][m[Kâ€™
[01m[K/home/devesh/ws2/src/smb_highlevel_controller/src/subscriber.cpp:15:63:[m[K   required from here
[01m[K/opt/ros/noetic/include/ros/message_traits.h:120:28:[m[K [01;31m[Kerror: [m[Kâ€˜[01m[K__s_getMD5Sum[m[Kâ€™ is not a member of â€˜[01m[Kint[m[Kâ€™
  120 |     return [01;31m[KM::__s_getMD5Sum()[m[K.c_str();
      |            [01;31m[K~~~~~~~~~~~~~~~~^~[m[K
/opt/ros/noetic/include/ros/message_traits.h: In instantiation of â€˜[01m[Kstatic const char* ros::message_traits::DataType<M>::value() [with M = int][m[Kâ€™:
[01m[K/opt/ros/noetic/include/ros/message_traits.h:236:104:[m[K   required from â€˜[01m[Kconst char* ros::message_traits::datatype() [with M = int][m[Kâ€™
[01m[K/opt/ros/noetic/include/ros/subscribe_options.h:90:53:[m[K   required from â€˜[01m[Kvoid ros::SubscribeOptions::initByFullCallbackType(const string&, uint32_t, const boost::function<void(P)>&, const boost::function<boost::shared_ptr<typename ros::ParameterAdapter<P>::Message>()>&) [with P = const int&; std::string = std::__cxx11::basic_string<char>; uint32_t = unsigned int; typename ros::ParameterAdapter<P>::Message = int][m[Kâ€™
[01m[K/opt/ros/noetic/include/ros/node_handle.h:659:5:[m[K   required from â€˜[01m[Kros::Subscriber ros::NodeHandle::subscribe(const string&, uint32_t, void (*)(M), const ros::TransportHints&) [with M = const int&; std::string = std::__cxx11::basic_string<char>; uint32_t = unsigned int][m[Kâ€™
[01m[K/home/devesh/ws2/src/smb_highlevel_controller/src/subscriber.cpp:15:63:[m[K   required from here
[01m[K/opt/ros/noetic/include/ros/message_traits.h:137:30:[m[K [01;31m[Kerror: [m[Kâ€˜[01m[K__s_getDataType[m[Kâ€™ is not a member of â€˜[01m[Kint[m[Kâ€™
  137 |     return [01;31m[KM::__s_getDataType()[m[K.c_str();
      |            [01;31m[K~~~~~~~~~~~~~~~~~~^~[m[K
make[2]: *** [CMakeFiles/subscriber_node.dir/build.make:76: CMakeFiles/subscriber_node.dir/src/subscriber.cpp.o] Error 1
make[1]: *** [CMakeFiles/Makefile2:165: CMakeFiles/subscriber_node.dir/all] Error 2
make: *** [Makefile:146: all] Error 2
